ARM GAS  /tmp/ccCRSYZ5.s 			page 1


   1              		.cpu cortex-m4
   2              		.eabi_attribute 27, 1
   3              		.eabi_attribute 28, 1
   4              		.eabi_attribute 20, 1
   5              		.eabi_attribute 21, 1
   6              		.eabi_attribute 23, 3
   7              		.eabi_attribute 24, 1
   8              		.eabi_attribute 25, 1
   9              		.eabi_attribute 26, 1
  10              		.eabi_attribute 30, 1
  11              		.eabi_attribute 34, 1
  12              		.eabi_attribute 18, 4
  13              		.file	"stm32f4xx_it.c"
  14              		.text
  15              	.Ltext0:
  16              		.cfi_sections	.debug_frame
  17              		.section	.text.NMI_Handler,"ax",%progbits
  18              		.align	1
  19              		.global	NMI_Handler
  20              		.arch armv7e-m
  21              		.syntax unified
  22              		.thumb
  23              		.thumb_func
  24              		.fpu fpv4-sp-d16
  26              	NMI_Handler:
  27              	.LFB131:
  28              		.file 1 "Src/stm32f4xx_it.c"
   1:Src/stm32f4xx_it.c **** /* USER CODE BEGIN Header */
   2:Src/stm32f4xx_it.c **** /**
   3:Src/stm32f4xx_it.c ****   ******************************************************************************
   4:Src/stm32f4xx_it.c ****   * @file    stm32f4xx_it.c
   5:Src/stm32f4xx_it.c ****   * @brief   Interrupt Service Routines.
   6:Src/stm32f4xx_it.c ****   ******************************************************************************
   7:Src/stm32f4xx_it.c ****   *
   8:Src/stm32f4xx_it.c ****   * COPYRIGHT(c) 2018 STMicroelectronics
   9:Src/stm32f4xx_it.c ****   *
  10:Src/stm32f4xx_it.c ****   * Redistribution and use in source and binary forms, with or without modification,
  11:Src/stm32f4xx_it.c ****   * are permitted provided that the following conditions are met:
  12:Src/stm32f4xx_it.c ****   *   1. Redistributions of source code must retain the above copyright notice,
  13:Src/stm32f4xx_it.c ****   *      this list of conditions and the following disclaimer.
  14:Src/stm32f4xx_it.c ****   *   2. Redistributions in binary form must reproduce the above copyright notice,
  15:Src/stm32f4xx_it.c ****   *      this list of conditions and the following disclaimer in the documentation
  16:Src/stm32f4xx_it.c ****   *      and/or other materials provided with the distribution.
  17:Src/stm32f4xx_it.c ****   *   3. Neither the name of STMicroelectronics nor the names of its contributors
  18:Src/stm32f4xx_it.c ****   *      may be used to endorse or promote products derived from this software
  19:Src/stm32f4xx_it.c ****   *      without specific prior written permission.
  20:Src/stm32f4xx_it.c ****   *
  21:Src/stm32f4xx_it.c ****   * THIS SOFTWARE IS PROVIDED BY THE COPYRIGHT HOLDERS AND CONTRIBUTORS "AS IS"
  22:Src/stm32f4xx_it.c ****   * AND ANY EXPRESS OR IMPLIED WARRANTIES, INCLUDING, BUT NOT LIMITED TO, THE
  23:Src/stm32f4xx_it.c ****   * IMPLIED WARRANTIES OF MERCHANTABILITY AND FITNESS FOR A PARTICULAR PURPOSE ARE
  24:Src/stm32f4xx_it.c ****   * DISCLAIMED. IN NO EVENT SHALL THE COPYRIGHT HOLDER OR CONTRIBUTORS BE LIABLE
  25:Src/stm32f4xx_it.c ****   * FOR ANY DIRECT, INDIRECT, INCIDENTAL, SPECIAL, EXEMPLARY, OR CONSEQUENTIAL
  26:Src/stm32f4xx_it.c ****   * DAMAGES (INCLUDING, BUT NOT LIMITED TO, PROCUREMENT OF SUBSTITUTE GOODS OR
  27:Src/stm32f4xx_it.c ****   * SERVICES; LOSS OF USE, DATA, OR PROFITS; OR BUSINESS INTERRUPTION) HOWEVER
  28:Src/stm32f4xx_it.c ****   * CAUSED AND ON ANY THEORY OF LIABILITY, WHETHER IN CONTRACT, STRICT LIABILITY,
  29:Src/stm32f4xx_it.c ****   * OR TORT (INCLUDING NEGLIGENCE OR OTHERWISE) ARISING IN ANY WAY OUT OF THE USE
  30:Src/stm32f4xx_it.c ****   * OF THIS SOFTWARE, EVEN IF ADVISED OF THE POSSIBILITY OF SUCH DAMAGE.
ARM GAS  /tmp/ccCRSYZ5.s 			page 2


  31:Src/stm32f4xx_it.c ****   *
  32:Src/stm32f4xx_it.c ****   ******************************************************************************
  33:Src/stm32f4xx_it.c ****   */
  34:Src/stm32f4xx_it.c **** /* USER CODE END Header */
  35:Src/stm32f4xx_it.c **** 
  36:Src/stm32f4xx_it.c **** /* Includes ------------------------------------------------------------------*/
  37:Src/stm32f4xx_it.c **** #include "main.h"
  38:Src/stm32f4xx_it.c **** #include "stm32f4xx_it.h"
  39:Src/stm32f4xx_it.c **** #include "cmsis_os.h"
  40:Src/stm32f4xx_it.c **** /* Private includes ----------------------------------------------------------*/
  41:Src/stm32f4xx_it.c **** /* USER CODE BEGIN Includes */
  42:Src/stm32f4xx_it.c **** /* USER CODE END Includes */
  43:Src/stm32f4xx_it.c **** 
  44:Src/stm32f4xx_it.c **** /* Private typedef -----------------------------------------------------------*/
  45:Src/stm32f4xx_it.c **** /* USER CODE BEGIN TD */
  46:Src/stm32f4xx_it.c **** 
  47:Src/stm32f4xx_it.c **** /* USER CODE END TD */
  48:Src/stm32f4xx_it.c **** 
  49:Src/stm32f4xx_it.c **** /* Private define ------------------------------------------------------------*/
  50:Src/stm32f4xx_it.c **** /* USER CODE BEGIN PD */
  51:Src/stm32f4xx_it.c ****  
  52:Src/stm32f4xx_it.c **** /* USER CODE END PD */
  53:Src/stm32f4xx_it.c **** 
  54:Src/stm32f4xx_it.c **** /* Private macro -------------------------------------------------------------*/
  55:Src/stm32f4xx_it.c **** /* USER CODE BEGIN PM */
  56:Src/stm32f4xx_it.c **** 
  57:Src/stm32f4xx_it.c **** /* USER CODE END PM */
  58:Src/stm32f4xx_it.c **** 
  59:Src/stm32f4xx_it.c **** /* Private variables ---------------------------------------------------------*/
  60:Src/stm32f4xx_it.c **** /* USER CODE BEGIN PV */
  61:Src/stm32f4xx_it.c **** 
  62:Src/stm32f4xx_it.c **** /* USER CODE END PV */
  63:Src/stm32f4xx_it.c **** 
  64:Src/stm32f4xx_it.c **** /* Private function prototypes -----------------------------------------------*/
  65:Src/stm32f4xx_it.c **** /* USER CODE BEGIN PFP */
  66:Src/stm32f4xx_it.c **** 
  67:Src/stm32f4xx_it.c **** /* USER CODE END PFP */
  68:Src/stm32f4xx_it.c **** 
  69:Src/stm32f4xx_it.c **** /* Private user code ---------------------------------------------------------*/
  70:Src/stm32f4xx_it.c **** /* USER CODE BEGIN 0 */
  71:Src/stm32f4xx_it.c **** 
  72:Src/stm32f4xx_it.c **** /* USER CODE END 0 */
  73:Src/stm32f4xx_it.c **** 
  74:Src/stm32f4xx_it.c **** /* External variables --------------------------------------------------------*/
  75:Src/stm32f4xx_it.c **** /* USER CODE BEGIN EV */
  76:Src/stm32f4xx_it.c **** 
  77:Src/stm32f4xx_it.c **** /* USER CODE END EV */
  78:Src/stm32f4xx_it.c **** 
  79:Src/stm32f4xx_it.c **** /******************************************************************************/
  80:Src/stm32f4xx_it.c **** /*           Cortex-M4 Processor Interruption and Exception Handlers          */ 
  81:Src/stm32f4xx_it.c **** /******************************************************************************/
  82:Src/stm32f4xx_it.c **** /**
  83:Src/stm32f4xx_it.c ****   * @brief This function handles Non maskable interrupt.
  84:Src/stm32f4xx_it.c ****   */
  85:Src/stm32f4xx_it.c **** void NMI_Handler(void)
  86:Src/stm32f4xx_it.c **** {
  29              		.loc 1 86 1 view -0
ARM GAS  /tmp/ccCRSYZ5.s 			page 3


  30              		.cfi_startproc
  31              		@ args = 0, pretend = 0, frame = 0
  32              		@ frame_needed = 0, uses_anonymous_args = 0
  33              		@ link register save eliminated.
  87:Src/stm32f4xx_it.c ****   /* USER CODE BEGIN NonMaskableInt_IRQn 0 */
  88:Src/stm32f4xx_it.c **** 
  89:Src/stm32f4xx_it.c ****   /* USER CODE END NonMaskableInt_IRQn 0 */
  90:Src/stm32f4xx_it.c ****   /* USER CODE BEGIN NonMaskableInt_IRQn 1 */
  91:Src/stm32f4xx_it.c **** 
  92:Src/stm32f4xx_it.c ****   /* USER CODE END NonMaskableInt_IRQn 1 */
  93:Src/stm32f4xx_it.c **** }
  34              		.loc 1 93 1 view .LVU1
  35 0000 7047     		bx	lr
  36              		.cfi_endproc
  37              	.LFE131:
  39              		.section	.text.HardFault_Handler,"ax",%progbits
  40              		.align	1
  41              		.global	HardFault_Handler
  42              		.syntax unified
  43              		.thumb
  44              		.thumb_func
  45              		.fpu fpv4-sp-d16
  47              	HardFault_Handler:
  48              	.LFB132:
  94:Src/stm32f4xx_it.c **** 
  95:Src/stm32f4xx_it.c **** /**
  96:Src/stm32f4xx_it.c ****   * @brief This function handles Hard fault interrupt.
  97:Src/stm32f4xx_it.c ****   */
  98:Src/stm32f4xx_it.c **** void HardFault_Handler(void)
  99:Src/stm32f4xx_it.c **** {
  49              		.loc 1 99 1 view -0
  50              		.cfi_startproc
  51              		@ Volatile: function does not return.
  52              		@ args = 0, pretend = 0, frame = 0
  53              		@ frame_needed = 0, uses_anonymous_args = 0
  54              		@ link register save eliminated.
  55              	.L3:
 100:Src/stm32f4xx_it.c ****   /* USER CODE BEGIN HardFault_IRQn 0 */
 101:Src/stm32f4xx_it.c **** 
 102:Src/stm32f4xx_it.c ****   /* USER CODE END HardFault_IRQn 0 */
 103:Src/stm32f4xx_it.c ****   while (1)
  56              		.loc 1 103 3 discriminator 1 view .LVU3
 104:Src/stm32f4xx_it.c ****   {
 105:Src/stm32f4xx_it.c ****     /* USER CODE BEGIN W1_HardFault_IRQn 0 */
 106:Src/stm32f4xx_it.c ****     /* USER CODE END W1_HardFault_IRQn 0 */
 107:Src/stm32f4xx_it.c ****   }
  57              		.loc 1 107 3 discriminator 1 view .LVU4
  58 0000 FEE7     		b	.L3
  59              		.cfi_endproc
  60              	.LFE132:
  62              		.section	.text.MemManage_Handler,"ax",%progbits
  63              		.align	1
  64              		.global	MemManage_Handler
  65              		.syntax unified
  66              		.thumb
  67              		.thumb_func
  68              		.fpu fpv4-sp-d16
ARM GAS  /tmp/ccCRSYZ5.s 			page 4


  70              	MemManage_Handler:
  71              	.LFB133:
 108:Src/stm32f4xx_it.c **** }
 109:Src/stm32f4xx_it.c **** 
 110:Src/stm32f4xx_it.c **** /**
 111:Src/stm32f4xx_it.c ****   * @brief This function handles Memory management fault.
 112:Src/stm32f4xx_it.c ****   */
 113:Src/stm32f4xx_it.c **** void MemManage_Handler(void)
 114:Src/stm32f4xx_it.c **** {
  72              		.loc 1 114 1 view -0
  73              		.cfi_startproc
  74              		@ Volatile: function does not return.
  75              		@ args = 0, pretend = 0, frame = 0
  76              		@ frame_needed = 0, uses_anonymous_args = 0
  77              		@ link register save eliminated.
  78              	.L5:
 115:Src/stm32f4xx_it.c ****   /* USER CODE BEGIN MemoryManagement_IRQn 0 */
 116:Src/stm32f4xx_it.c **** 
 117:Src/stm32f4xx_it.c ****   /* USER CODE END MemoryManagement_IRQn 0 */
 118:Src/stm32f4xx_it.c ****   while (1)
  79              		.loc 1 118 3 discriminator 1 view .LVU6
 119:Src/stm32f4xx_it.c ****   {
 120:Src/stm32f4xx_it.c ****     /* USER CODE BEGIN W1_MemoryManagement_IRQn 0 */
 121:Src/stm32f4xx_it.c ****     /* USER CODE END W1_MemoryManagement_IRQn 0 */
 122:Src/stm32f4xx_it.c ****   }
  80              		.loc 1 122 3 discriminator 1 view .LVU7
  81 0000 FEE7     		b	.L5
  82              		.cfi_endproc
  83              	.LFE133:
  85              		.section	.text.BusFault_Handler,"ax",%progbits
  86              		.align	1
  87              		.global	BusFault_Handler
  88              		.syntax unified
  89              		.thumb
  90              		.thumb_func
  91              		.fpu fpv4-sp-d16
  93              	BusFault_Handler:
  94              	.LFB134:
 123:Src/stm32f4xx_it.c **** }
 124:Src/stm32f4xx_it.c **** 
 125:Src/stm32f4xx_it.c **** /**
 126:Src/stm32f4xx_it.c ****   * @brief This function handles Pre-fetch fault, memory access fault.
 127:Src/stm32f4xx_it.c ****   */
 128:Src/stm32f4xx_it.c **** void BusFault_Handler(void)
 129:Src/stm32f4xx_it.c **** {
  95              		.loc 1 129 1 view -0
  96              		.cfi_startproc
  97              		@ Volatile: function does not return.
  98              		@ args = 0, pretend = 0, frame = 0
  99              		@ frame_needed = 0, uses_anonymous_args = 0
 100              		@ link register save eliminated.
 101              	.L7:
 130:Src/stm32f4xx_it.c ****   /* USER CODE BEGIN BusFault_IRQn 0 */
 131:Src/stm32f4xx_it.c **** 
 132:Src/stm32f4xx_it.c ****   /* USER CODE END BusFault_IRQn 0 */
 133:Src/stm32f4xx_it.c ****   while (1)
 102              		.loc 1 133 3 discriminator 1 view .LVU9
ARM GAS  /tmp/ccCRSYZ5.s 			page 5


 134:Src/stm32f4xx_it.c ****   {
 135:Src/stm32f4xx_it.c ****     /* USER CODE BEGIN W1_BusFault_IRQn 0 */
 136:Src/stm32f4xx_it.c ****     /* USER CODE END W1_BusFault_IRQn 0 */
 137:Src/stm32f4xx_it.c ****   }
 103              		.loc 1 137 3 discriminator 1 view .LVU10
 104 0000 FEE7     		b	.L7
 105              		.cfi_endproc
 106              	.LFE134:
 108              		.section	.text.UsageFault_Handler,"ax",%progbits
 109              		.align	1
 110              		.global	UsageFault_Handler
 111              		.syntax unified
 112              		.thumb
 113              		.thumb_func
 114              		.fpu fpv4-sp-d16
 116              	UsageFault_Handler:
 117              	.LFB135:
 138:Src/stm32f4xx_it.c **** }
 139:Src/stm32f4xx_it.c **** 
 140:Src/stm32f4xx_it.c **** /**
 141:Src/stm32f4xx_it.c ****   * @brief This function handles Undefined instruction or illegal state.
 142:Src/stm32f4xx_it.c ****   */
 143:Src/stm32f4xx_it.c **** void UsageFault_Handler(void)
 144:Src/stm32f4xx_it.c **** {
 118              		.loc 1 144 1 view -0
 119              		.cfi_startproc
 120              		@ Volatile: function does not return.
 121              		@ args = 0, pretend = 0, frame = 0
 122              		@ frame_needed = 0, uses_anonymous_args = 0
 123              		@ link register save eliminated.
 124              	.L9:
 145:Src/stm32f4xx_it.c ****   /* USER CODE BEGIN UsageFault_IRQn 0 */
 146:Src/stm32f4xx_it.c **** 
 147:Src/stm32f4xx_it.c ****   /* USER CODE END UsageFault_IRQn 0 */
 148:Src/stm32f4xx_it.c ****   while (1)
 125              		.loc 1 148 3 discriminator 1 view .LVU12
 149:Src/stm32f4xx_it.c ****   {
 150:Src/stm32f4xx_it.c ****     /* USER CODE BEGIN W1_UsageFault_IRQn 0 */
 151:Src/stm32f4xx_it.c ****     /* USER CODE END W1_UsageFault_IRQn 0 */
 152:Src/stm32f4xx_it.c ****   }
 126              		.loc 1 152 3 discriminator 1 view .LVU13
 127 0000 FEE7     		b	.L9
 128              		.cfi_endproc
 129              	.LFE135:
 131              		.section	.text.DebugMon_Handler,"ax",%progbits
 132              		.align	1
 133              		.global	DebugMon_Handler
 134              		.syntax unified
 135              		.thumb
 136              		.thumb_func
 137              		.fpu fpv4-sp-d16
 139              	DebugMon_Handler:
 140              	.LFB136:
 153:Src/stm32f4xx_it.c **** }
 154:Src/stm32f4xx_it.c **** 
 155:Src/stm32f4xx_it.c **** /**
 156:Src/stm32f4xx_it.c ****   * @brief This function handles Debug monitor.
ARM GAS  /tmp/ccCRSYZ5.s 			page 6


 157:Src/stm32f4xx_it.c ****   */
 158:Src/stm32f4xx_it.c **** void DebugMon_Handler(void)
 159:Src/stm32f4xx_it.c **** {
 141              		.loc 1 159 1 view -0
 142              		.cfi_startproc
 143              		@ args = 0, pretend = 0, frame = 0
 144              		@ frame_needed = 0, uses_anonymous_args = 0
 145              		@ link register save eliminated.
 160:Src/stm32f4xx_it.c ****   /* USER CODE BEGIN DebugMonitor_IRQn 0 */
 161:Src/stm32f4xx_it.c **** 
 162:Src/stm32f4xx_it.c ****   /* USER CODE END DebugMonitor_IRQn 0 */
 163:Src/stm32f4xx_it.c ****   /* USER CODE BEGIN DebugMonitor_IRQn 1 */
 164:Src/stm32f4xx_it.c **** 
 165:Src/stm32f4xx_it.c ****   /* USER CODE END DebugMonitor_IRQn 1 */
 166:Src/stm32f4xx_it.c **** }
 146              		.loc 1 166 1 view .LVU15
 147 0000 7047     		bx	lr
 148              		.cfi_endproc
 149              	.LFE136:
 151              		.section	.text.SysTick_Handler,"ax",%progbits
 152              		.align	1
 153              		.global	SysTick_Handler
 154              		.syntax unified
 155              		.thumb
 156              		.thumb_func
 157              		.fpu fpv4-sp-d16
 159              	SysTick_Handler:
 160              	.LFB137:
 167:Src/stm32f4xx_it.c **** 
 168:Src/stm32f4xx_it.c **** /**
 169:Src/stm32f4xx_it.c ****   * @brief This function handles System tick timer.
 170:Src/stm32f4xx_it.c ****   */
 171:Src/stm32f4xx_it.c **** void SysTick_Handler(void)
 172:Src/stm32f4xx_it.c **** {
 161              		.loc 1 172 1 view -0
 162              		.cfi_startproc
 163              		@ args = 0, pretend = 0, frame = 0
 164              		@ frame_needed = 0, uses_anonymous_args = 0
 165 0000 08B5     		push	{r3, lr}
 166              	.LCFI0:
 167              		.cfi_def_cfa_offset 8
 168              		.cfi_offset 3, -8
 169              		.cfi_offset 14, -4
 173:Src/stm32f4xx_it.c ****   /* USER CODE BEGIN SysTick_IRQn 0 */
 174:Src/stm32f4xx_it.c **** 
 175:Src/stm32f4xx_it.c ****   /* USER CODE END SysTick_IRQn 0 */
 176:Src/stm32f4xx_it.c ****   HAL_IncTick();
 170              		.loc 1 176 3 view .LVU17
 171 0002 FFF7FEFF 		bl	HAL_IncTick
 172              	.LVL0:
 177:Src/stm32f4xx_it.c ****   osSystickHandler();
 173              		.loc 1 177 3 view .LVU18
 174 0006 FFF7FEFF 		bl	osSystickHandler
 175              	.LVL1:
 178:Src/stm32f4xx_it.c ****   /* USER CODE BEGIN SysTick_IRQn 1 */
 179:Src/stm32f4xx_it.c **** 
 180:Src/stm32f4xx_it.c ****   /* USER CODE END SysTick_IRQn 1 */
ARM GAS  /tmp/ccCRSYZ5.s 			page 7


 181:Src/stm32f4xx_it.c **** }
 176              		.loc 1 181 1 is_stmt 0 view .LVU19
 177 000a 08BD     		pop	{r3, pc}
 178              		.cfi_endproc
 179              	.LFE137:
 181              		.text
 182              	.Letext0:
 183              		.file 2 "/home/faoziaziz/Installer/gcc-arm-none-eabi-8-2018-q4-major-linux/gcc-arm-none-eabi-8-201
 184              		.file 3 "/home/faoziaziz/Installer/gcc-arm-none-eabi-8-2018-q4-major-linux/gcc-arm-none-eabi-8-201
 185              		.file 4 "Drivers/CMSIS/Include/core_cm4.h"
 186              		.file 5 "Drivers/CMSIS/Device/ST/STM32F4xx/Include/system_stm32f4xx.h"
 187              		.file 6 "/home/faoziaziz/Installer/gcc-arm-none-eabi-8-2018-q4-major-linux/gcc-arm-none-eabi-8-201
 188              		.file 7 "/home/faoziaziz/Installer/gcc-arm-none-eabi-8-2018-q4-major-linux/gcc-arm-none-eabi-8-201
 189              		.file 8 "/home/faoziaziz/Installer/gcc-arm-none-eabi-8-2018-q4-major-linux/gcc-arm-none-eabi-8-201
 190              		.file 9 "/home/faoziaziz/Installer/gcc-arm-none-eabi-8-2018-q4-major-linux/gcc-arm-none-eabi-8-201
 191              		.file 10 "Drivers/STM32F4xx_HAL_Driver/Inc/stm32f4xx_hal.h"
 192              		.file 11 "Middlewares/Third_Party/FreeRTOS/Source/CMSIS_RTOS/cmsis_os.h"
ARM GAS  /tmp/ccCRSYZ5.s 			page 8


DEFINED SYMBOLS
                            *ABS*:0000000000000000 stm32f4xx_it.c
     /tmp/ccCRSYZ5.s:18     .text.NMI_Handler:0000000000000000 $t
     /tmp/ccCRSYZ5.s:26     .text.NMI_Handler:0000000000000000 NMI_Handler
     /tmp/ccCRSYZ5.s:40     .text.HardFault_Handler:0000000000000000 $t
     /tmp/ccCRSYZ5.s:47     .text.HardFault_Handler:0000000000000000 HardFault_Handler
     /tmp/ccCRSYZ5.s:63     .text.MemManage_Handler:0000000000000000 $t
     /tmp/ccCRSYZ5.s:70     .text.MemManage_Handler:0000000000000000 MemManage_Handler
     /tmp/ccCRSYZ5.s:86     .text.BusFault_Handler:0000000000000000 $t
     /tmp/ccCRSYZ5.s:93     .text.BusFault_Handler:0000000000000000 BusFault_Handler
     /tmp/ccCRSYZ5.s:109    .text.UsageFault_Handler:0000000000000000 $t
     /tmp/ccCRSYZ5.s:116    .text.UsageFault_Handler:0000000000000000 UsageFault_Handler
     /tmp/ccCRSYZ5.s:132    .text.DebugMon_Handler:0000000000000000 $t
     /tmp/ccCRSYZ5.s:139    .text.DebugMon_Handler:0000000000000000 DebugMon_Handler
     /tmp/ccCRSYZ5.s:152    .text.SysTick_Handler:0000000000000000 $t
     /tmp/ccCRSYZ5.s:159    .text.SysTick_Handler:0000000000000000 SysTick_Handler

UNDEFINED SYMBOLS
HAL_IncTick
osSystickHandler
